14:21:57.127 [main] INFO  - Goto my account-->Click on Login.. 
14:21:59.227 [main] INFO  - Entering email and password.. 
14:22:01.433 [main] INFO  - clicked on login button...
14:27:17.907 [main] INFO  - Goto my account-->Click on Login.. 
14:27:19.456 [main] INFO  - Entering email and password.. 
14:27:21.717 [main] INFO  - clicked on login button...
14:30:17.374 [main] INFO  - Goto my account-->Click on Login.. 
14:30:18.868 [main] INFO  - Entering email and password.. 
14:30:21.203 [main] INFO  - clicked on login button...
14:49:13.007 [main] INFO  - Goto my account-->Click on Login.. 
14:49:14.567 [main] INFO  - Entering email and password.. 
14:49:16.898 [main] INFO  - clicked on login button...
14:54:13.728 [main] INFO  - Goto my account-->Click on Login.. 
14:54:16.099 [main] INFO  - Entering email and password.. 
14:54:18.308 [main] INFO  - clicked on login button...
15:01:57.733 [main] INFO  - Goto my account-->Click on Login.. 
15:01:59.352 [main] INFO  - Entering email and password.. 
15:02:01.617 [main] INFO  - clicked on login button...
20:12:03.135 [main] INFO  - Goto my account-->Click on Login.. 
20:12:04.690 [main] INFO  - Entering email and password.. 
20:12:06.995 [main] INFO  - clicked on login button...
22:24:42.558 [main] INFO  - Goto my account-->Click on Login.. 
22:24:43.831 [main] INFO  - Entering email and password.. 
22:24:45.758 [main] INFO  - clicked on login button...
00:30:26.146 [main] INFO  - Goto my account-->Click on Login.. 
00:30:27.579 [main] INFO  - Entering email and password.. 
00:30:29.776 [main] INFO  - clicked on login button...
12:17:38.507 [main] INFO  - Goto my account-->Click on Login.. 
12:17:39.864 [main] INFO  - Entering email and password.. 
12:17:42.219 [main] INFO  - clicked on login button...
12:17:47.559 [main] INFO  - Goto my account-->Click on Login.. 
12:17:49.438 [main] INFO  - Entering email and password.. 
12:17:51.539 [main] INFO  - clicked on login button...
12:17:56.728 [main] INFO  - Goto my account-->Click on Login.. 
12:17:58.293 [main] INFO  - Entering email and password.. 
12:18:00.393 [main] INFO  - clicked on login button...
12:27:52.259 [main] INFO  - Goto my account-->Click on Login.. 
12:27:54.020 [main] DEBUG - Parsing relationship: /xl/_rels/workbook.xml.rels
12:27:54.023 [main] DEBUG - Parsing relationship: /xl/worksheets/_rels/sheet1.xml.rels
12:27:54.026 [main] DEBUG - Parsing relationship: /_rels/.rels
12:27:54.281 [main] TRACE - Loading type system org.apache.poi.schemas.ooxml.system.ooxml
12:27:54.286 [main] TRACE - Loading type system org.apache.xmlbeans.metadata.system.sXMLCONFIG
12:27:54.287 [main] TRACE - Loading type system org.apache.xmlbeans.metadata.system.sXMLLANG
12:27:54.288 [main] TRACE - Loading type system org.apache.xmlbeans.metadata.system.sXMLSCHEMA
12:27:54.289 [main] TRACE - Loading type system org.apache.xmlbeans.metadata.system.sXMLTOOLS
12:27:54.291 [main] TRACE - Reading unresolved handles for type system org.apache.xmlbeans.metadata.system.sXMLTOOLS
12:27:54.311 [main] TRACE - Finished loading type system org.apache.xmlbeans.metadata.system.sXMLTOOLS
12:27:54.312 [main] TRACE - Reading unresolved handles for type system org.apache.xmlbeans.metadata.system.sXMLSCHEMA
12:27:54.318 [main] TRACE - Finished loading type system org.apache.xmlbeans.metadata.system.sXMLSCHEMA
12:27:54.320 [main] TRACE - Reading unresolved handles for type system org.apache.xmlbeans.metadata.system.sXMLLANG
12:27:54.321 [main] TRACE - Finished loading type system org.apache.xmlbeans.metadata.system.sXMLLANG
12:27:54.323 [main] TRACE - Reading unresolved handles for type system org.apache.xmlbeans.metadata.system.sXMLCONFIG
12:27:54.324 [main] TRACE - Finished loading type system org.apache.xmlbeans.metadata.system.sXMLCONFIG
12:27:54.326 [main] TRACE - Reading unresolved handles for type system org.apache.poi.schemas.ooxml.system.ooxml
12:27:54.386 [main] TRACE - Finished loading type system org.apache.poi.schemas.ooxml.system.ooxml
12:27:54.388 [main] TRACE - Resolving type for handle themefd26doctype
12:27:54.459 [main] TRACE - Resolving type for handle stylesheet5d8bdoctype
12:27:54.467 [main] TRACE - Resolving type for handle ctstylesheet4257type
12:27:54.475 [main] TRACE - Resolving type for handle ctfonts6623type
12:27:54.480 [main] TRACE - Resolving type for handle ctfont14d8type
12:27:54.488 [main] TRACE - Resolving type for handle ctfills2c6ftype
12:27:54.492 [main] TRACE - Resolving type for handle ctfill550ctype
12:27:54.496 [main] TRACE - Resolving type for handle ctborders0d66type
12:27:54.500 [main] TRACE - Resolving type for handle ctborderf935type
12:27:54.505 [main] TRACE - Resolving type for handle ctcellxfs1322type
12:27:54.510 [main] TRACE - Resolving type for handle ctxf97f7type
12:27:54.515 [main] TRACE - Resolving type for handle ctcellstylexfsa81ftype
12:27:54.518 [main] TRACE - Resolving type for handle ctdxfsb26atype
12:27:54.524 [main] TRACE - Resolving type for handle cttablestyles872ftype
12:27:54.530 [main] TRACE - Resolving type for handle sstf81fdoctype
12:27:54.536 [main] TRACE - Resolving type for handle ctsst44f3type
12:27:54.549 [main] TRACE - Resolving type for handle ctrsta472type
12:27:54.611 [main] DEBUG - using default POIXMLDocumentPart for http://schemas.openxmlformats.org/officeDocument/2006/relationships/printerSettings
12:27:54.612 [main] TRACE - Resolving type for handle workbookec17doctype
12:27:54.618 [main] TRACE - Resolving type for handle ctworkbook83c3type
12:27:54.624 [main] TRACE - Resolving type for handle ctsheets49fdtype
12:27:54.628 [main] TRACE - Resolving type for handle ctsheet4dbetype
12:27:54.631 [main] TRACE - Resolving type for handle strelationshipid1e94type
12:27:54.635 [main] TRACE - Resolving type for handle worksheetf539doctype
12:27:54.642 [main] TRACE - Resolving type for handle ctworksheet530dtype
12:27:54.653 [main] TRACE - Resolving type for handle ctcols627ctype
12:27:54.658 [main] TRACE - Resolving type for handle ctcola95ftype
12:27:54.676 [main] TRACE - Resolving type for handle ctsheetdata8408type
12:27:54.679 [main] TRACE - Resolving type for handle ctrowdd39type
12:27:54.685 [main] TRACE - Resolving type for handle ctcell842btype
12:27:54.697 [main] TRACE - Resolving type for handle stcellrefe4e0type
12:27:54.705 [main] TRACE - Resolving type for handle cthyperlinks6416type
12:27:54.708 [main] TRACE - Resolving type for handle cthyperlink0c85type
12:27:54.717 [main] TRACE - Resolving type for handle stxstringf179type
12:27:54.722 [main] TRACE - Resolving type for handle stcelltypebf95type
12:28:11.048 [main] INFO  - Goto my account-->Click on Login.. 
12:28:12.880 [main] DEBUG - Parsing relationship: /xl/_rels/workbook.xml.rels
12:28:12.882 [main] DEBUG - Parsing relationship: /xl/worksheets/_rels/sheet1.xml.rels
12:28:12.884 [main] DEBUG - Parsing relationship: /_rels/.rels
12:28:12.909 [main] DEBUG - using default POIXMLDocumentPart for http://schemas.openxmlformats.org/officeDocument/2006/relationships/printerSettings
12:28:29.171 [main] INFO  - Goto my account-->Click on Login.. 
12:28:30.818 [main] DEBUG - Parsing relationship: /xl/_rels/workbook.xml.rels
12:28:30.820 [main] DEBUG - Parsing relationship: /xl/worksheets/_rels/sheet1.xml.rels
12:28:30.822 [main] DEBUG - Parsing relationship: /_rels/.rels
12:28:30.840 [main] DEBUG - using default POIXMLDocumentPart for http://schemas.openxmlformats.org/officeDocument/2006/relationships/printerSettings
12:28:46.390 [main] INFO  - Goto my account-->Click on Login.. 
12:28:48.188 [main] DEBUG - Parsing relationship: /xl/_rels/workbook.xml.rels
12:28:48.190 [main] DEBUG - Parsing relationship: /xl/worksheets/_rels/sheet1.xml.rels
12:28:48.192 [main] DEBUG - Parsing relationship: /_rels/.rels
12:28:48.210 [main] DEBUG - using default POIXMLDocumentPart for http://schemas.openxmlformats.org/officeDocument/2006/relationships/printerSettings
12:29:05.196 [main] INFO  - Goto my account-->Click on Login.. 
12:29:06.408 [main] DEBUG - Parsing relationship: /xl/_rels/workbook.xml.rels
12:29:06.409 [main] DEBUG - Parsing relationship: /xl/worksheets/_rels/sheet1.xml.rels
12:29:06.411 [main] DEBUG - Parsing relationship: /_rels/.rels
12:29:06.431 [main] DEBUG - using default POIXMLDocumentPart for http://schemas.openxmlformats.org/officeDocument/2006/relationships/printerSettings
12:35:50.162 [main] INFO  - Goto my account-->Click on Login.. 
12:35:52.026 [main] DEBUG - Parsing relationship: /xl/_rels/workbook.xml.rels
12:35:52.029 [main] DEBUG - Parsing relationship: /xl/worksheets/_rels/sheet1.xml.rels
12:35:52.031 [main] DEBUG - Parsing relationship: /_rels/.rels
12:35:52.261 [main] TRACE - Loading type system org.apache.poi.schemas.ooxml.system.ooxml
12:35:52.266 [main] TRACE - Loading type system org.apache.xmlbeans.metadata.system.sXMLCONFIG
12:35:52.267 [main] TRACE - Loading type system org.apache.xmlbeans.metadata.system.sXMLLANG
12:35:52.268 [main] TRACE - Loading type system org.apache.xmlbeans.metadata.system.sXMLSCHEMA
12:35:52.268 [main] TRACE - Loading type system org.apache.xmlbeans.metadata.system.sXMLTOOLS
12:35:52.271 [main] TRACE - Reading unresolved handles for type system org.apache.xmlbeans.metadata.system.sXMLTOOLS
12:35:52.290 [main] TRACE - Finished loading type system org.apache.xmlbeans.metadata.system.sXMLTOOLS
12:35:52.292 [main] TRACE - Reading unresolved handles for type system org.apache.xmlbeans.metadata.system.sXMLSCHEMA
12:35:52.297 [main] TRACE - Finished loading type system org.apache.xmlbeans.metadata.system.sXMLSCHEMA
12:35:52.300 [main] TRACE - Reading unresolved handles for type system org.apache.xmlbeans.metadata.system.sXMLLANG
12:35:52.301 [main] TRACE - Finished loading type system org.apache.xmlbeans.metadata.system.sXMLLANG
12:35:52.303 [main] TRACE - Reading unresolved handles for type system org.apache.xmlbeans.metadata.system.sXMLCONFIG
12:35:52.304 [main] TRACE - Finished loading type system org.apache.xmlbeans.metadata.system.sXMLCONFIG
12:35:52.306 [main] TRACE - Reading unresolved handles for type system org.apache.poi.schemas.ooxml.system.ooxml
12:35:52.375 [main] TRACE - Finished loading type system org.apache.poi.schemas.ooxml.system.ooxml
12:35:52.376 [main] TRACE - Resolving type for handle themefd26doctype
12:35:52.451 [main] TRACE - Resolving type for handle stylesheet5d8bdoctype
12:35:52.460 [main] TRACE - Resolving type for handle ctstylesheet4257type
12:35:52.467 [main] TRACE - Resolving type for handle ctfonts6623type
12:35:52.472 [main] TRACE - Resolving type for handle ctfont14d8type
12:35:52.479 [main] TRACE - Resolving type for handle ctfills2c6ftype
12:35:52.483 [main] TRACE - Resolving type for handle ctfill550ctype
12:35:52.486 [main] TRACE - Resolving type for handle ctborders0d66type
12:35:52.491 [main] TRACE - Resolving type for handle ctborderf935type
12:35:52.495 [main] TRACE - Resolving type for handle ctcellxfs1322type
12:35:52.500 [main] TRACE - Resolving type for handle ctxf97f7type
12:35:52.505 [main] TRACE - Resolving type for handle ctcellstylexfsa81ftype
12:35:52.508 [main] TRACE - Resolving type for handle ctdxfsb26atype
12:35:52.513 [main] TRACE - Resolving type for handle cttablestyles872ftype
12:35:52.518 [main] TRACE - Resolving type for handle sstf81fdoctype
12:35:52.524 [main] TRACE - Resolving type for handle ctsst44f3type
12:35:52.539 [main] TRACE - Resolving type for handle ctrsta472type
12:35:52.601 [main] DEBUG - using default POIXMLDocumentPart for http://schemas.openxmlformats.org/officeDocument/2006/relationships/printerSettings
12:35:52.603 [main] TRACE - Resolving type for handle workbookec17doctype
12:35:52.609 [main] TRACE - Resolving type for handle ctworkbook83c3type
12:35:52.615 [main] TRACE - Resolving type for handle ctsheets49fdtype
12:35:52.618 [main] TRACE - Resolving type for handle ctsheet4dbetype
12:35:52.621 [main] TRACE - Resolving type for handle strelationshipid1e94type
12:35:52.624 [main] TRACE - Resolving type for handle worksheetf539doctype
12:35:52.630 [main] TRACE - Resolving type for handle ctworksheet530dtype
12:35:52.640 [main] TRACE - Resolving type for handle ctcols627ctype
12:35:52.645 [main] TRACE - Resolving type for handle ctcola95ftype
12:35:52.662 [main] TRACE - Resolving type for handle ctsheetdata8408type
12:35:52.666 [main] TRACE - Resolving type for handle ctrowdd39type
12:35:52.671 [main] TRACE - Resolving type for handle ctcell842btype
12:35:52.685 [main] TRACE - Resolving type for handle stcellrefe4e0type
12:35:52.691 [main] TRACE - Resolving type for handle cthyperlinks6416type
12:35:52.694 [main] TRACE - Resolving type for handle cthyperlink0c85type
12:35:52.703 [main] TRACE - Resolving type for handle stxstringf179type
12:35:52.706 [main] TRACE - Resolving type for handle stcelltypebf95type
12:35:52.717 [main] TRACE - Resolving type for handle stcellstylexfid70c7type
12:35:52.721 [main] TRACE - Resolving type for handle stnumfmtid76fbtype
12:36:09.341 [main] INFO  - Goto my account-->Click on Login.. 
12:36:11.184 [main] DEBUG - Parsing relationship: /xl/_rels/workbook.xml.rels
12:36:11.186 [main] DEBUG - Parsing relationship: /xl/worksheets/_rels/sheet1.xml.rels
12:36:11.188 [main] DEBUG - Parsing relationship: /_rels/.rels
12:36:11.206 [main] DEBUG - using default POIXMLDocumentPart for http://schemas.openxmlformats.org/officeDocument/2006/relationships/printerSettings
12:36:28.030 [main] INFO  - Goto my account-->Click on Login.. 
12:36:44.021 [main] INFO  - Goto my account-->Click on Login.. 
12:36:45.282 [main] DEBUG - Parsing relationship: /xl/_rels/workbook.xml.rels
12:36:45.283 [main] DEBUG - Parsing relationship: /xl/worksheets/_rels/sheet1.xml.rels
12:36:45.285 [main] DEBUG - Parsing relationship: /_rels/.rels
12:36:45.308 [main] DEBUG - using default POIXMLDocumentPart for http://schemas.openxmlformats.org/officeDocument/2006/relationships/printerSettings
12:37:01.634 [main] INFO  - Goto my account-->Click on Login.. 
12:37:03.327 [main] DEBUG - Parsing relationship: /xl/_rels/workbook.xml.rels
12:37:03.328 [main] DEBUG - Parsing relationship: /xl/worksheets/_rels/sheet1.xml.rels
12:37:03.330 [main] DEBUG - Parsing relationship: /_rels/.rels
12:37:03.350 [main] DEBUG - using default POIXMLDocumentPart for http://schemas.openxmlformats.org/officeDocument/2006/relationships/printerSettings
12:41:12.835 [main] INFO  - Goto my account-->Click on Login.. 
12:41:14.682 [main] DEBUG - Parsing relationship: /xl/_rels/workbook.xml.rels
12:41:14.687 [main] DEBUG - Parsing relationship: /xl/worksheets/_rels/sheet1.xml.rels
12:41:14.689 [main] DEBUG - Parsing relationship: /_rels/.rels
12:41:14.891 [main] TRACE - Loading type system org.apache.poi.schemas.ooxml.system.ooxml
12:41:14.895 [main] TRACE - Loading type system org.apache.xmlbeans.metadata.system.sXMLCONFIG
12:41:14.896 [main] TRACE - Loading type system org.apache.xmlbeans.metadata.system.sXMLLANG
12:41:14.902 [main] TRACE - Loading type system org.apache.xmlbeans.metadata.system.sXMLSCHEMA
12:41:14.904 [main] TRACE - Loading type system org.apache.xmlbeans.metadata.system.sXMLTOOLS
12:41:14.906 [main] TRACE - Reading unresolved handles for type system org.apache.xmlbeans.metadata.system.sXMLTOOLS
12:41:14.920 [main] TRACE - Finished loading type system org.apache.xmlbeans.metadata.system.sXMLTOOLS
12:41:14.922 [main] TRACE - Reading unresolved handles for type system org.apache.xmlbeans.metadata.system.sXMLSCHEMA
12:41:14.927 [main] TRACE - Finished loading type system org.apache.xmlbeans.metadata.system.sXMLSCHEMA
12:41:14.929 [main] TRACE - Reading unresolved handles for type system org.apache.xmlbeans.metadata.system.sXMLLANG
12:41:14.930 [main] TRACE - Finished loading type system org.apache.xmlbeans.metadata.system.sXMLLANG
12:41:14.932 [main] TRACE - Reading unresolved handles for type system org.apache.xmlbeans.metadata.system.sXMLCONFIG
12:41:14.934 [main] TRACE - Finished loading type system org.apache.xmlbeans.metadata.system.sXMLCONFIG
12:41:14.936 [main] TRACE - Reading unresolved handles for type system org.apache.poi.schemas.ooxml.system.ooxml
12:41:15.001 [main] TRACE - Finished loading type system org.apache.poi.schemas.ooxml.system.ooxml
12:41:15.003 [main] TRACE - Resolving type for handle themefd26doctype
12:41:15.067 [main] TRACE - Resolving type for handle stylesheet5d8bdoctype
12:41:15.074 [main] TRACE - Resolving type for handle ctstylesheet4257type
12:41:15.081 [main] TRACE - Resolving type for handle ctfonts6623type
12:41:15.085 [main] TRACE - Resolving type for handle ctfont14d8type
12:41:15.093 [main] TRACE - Resolving type for handle ctfills2c6ftype
12:41:15.096 [main] TRACE - Resolving type for handle ctfill550ctype
12:41:15.100 [main] TRACE - Resolving type for handle ctborders0d66type
12:41:15.104 [main] TRACE - Resolving type for handle ctborderf935type
12:41:15.108 [main] TRACE - Resolving type for handle ctcellxfs1322type
12:41:15.111 [main] TRACE - Resolving type for handle ctxf97f7type
12:41:15.115 [main] TRACE - Resolving type for handle ctcellstylexfsa81ftype
12:41:15.118 [main] TRACE - Resolving type for handle ctdxfsb26atype
12:41:15.122 [main] TRACE - Resolving type for handle cttablestyles872ftype
12:41:15.127 [main] TRACE - Resolving type for handle sstf81fdoctype
12:41:15.132 [main] TRACE - Resolving type for handle ctsst44f3type
12:41:15.144 [main] TRACE - Resolving type for handle ctrsta472type
12:41:15.202 [main] DEBUG - using default POIXMLDocumentPart for http://schemas.openxmlformats.org/officeDocument/2006/relationships/printerSettings
12:41:15.203 [main] TRACE - Resolving type for handle workbookec17doctype
12:41:15.209 [main] TRACE - Resolving type for handle ctworkbook83c3type
12:41:15.214 [main] TRACE - Resolving type for handle ctsheets49fdtype
12:41:15.216 [main] TRACE - Resolving type for handle ctsheet4dbetype
12:41:15.218 [main] TRACE - Resolving type for handle strelationshipid1e94type
12:41:15.221 [main] TRACE - Resolving type for handle worksheetf539doctype
12:41:15.230 [main] TRACE - Resolving type for handle ctworksheet530dtype
12:41:15.239 [main] TRACE - Resolving type for handle ctcols627ctype
12:41:15.244 [main] TRACE - Resolving type for handle ctcola95ftype
12:41:15.260 [main] TRACE - Resolving type for handle ctsheetdata8408type
12:41:15.263 [main] TRACE - Resolving type for handle ctrowdd39type
12:41:15.268 [main] TRACE - Resolving type for handle ctcell842btype
12:41:15.275 [main] TRACE - Resolving type for handle stcellrefe4e0type
12:41:15.281 [main] TRACE - Resolving type for handle cthyperlinks6416type
12:41:15.283 [main] TRACE - Resolving type for handle cthyperlink0c85type
12:41:15.291 [main] TRACE - Resolving type for handle stxstringf179type
12:41:15.301 [main] TRACE - Resolving type for handle stcelltypebf95type
12:41:15.313 [main] TRACE - Resolving type for handle stcellstylexfid70c7type
12:41:15.317 [main] TRACE - Resolving type for handle stnumfmtid76fbtype
12:41:31.470 [main] INFO  - Goto my account-->Click on Login.. 
12:41:32.924 [main] DEBUG - Parsing relationship: /xl/_rels/workbook.xml.rels
12:41:32.925 [main] DEBUG - Parsing relationship: /xl/worksheets/_rels/sheet1.xml.rels
12:41:32.927 [main] DEBUG - Parsing relationship: /_rels/.rels
12:41:32.948 [main] DEBUG - using default POIXMLDocumentPart for http://schemas.openxmlformats.org/officeDocument/2006/relationships/printerSettings
12:41:49.264 [main] INFO  - Goto my account-->Click on Login.. 
12:41:51.093 [main] DEBUG - Parsing relationship: /xl/_rels/workbook.xml.rels
12:41:51.095 [main] DEBUG - Parsing relationship: /xl/worksheets/_rels/sheet1.xml.rels
12:41:51.097 [main] DEBUG - Parsing relationship: /_rels/.rels
12:41:51.114 [main] DEBUG - using default POIXMLDocumentPart for http://schemas.openxmlformats.org/officeDocument/2006/relationships/printerSettings
12:42:07.015 [main] INFO  - Goto my account-->Click on Login.. 
12:42:10.396 [main] DEBUG - Parsing relationship: /xl/_rels/workbook.xml.rels
12:42:10.398 [main] DEBUG - Parsing relationship: /xl/worksheets/_rels/sheet1.xml.rels
12:42:10.399 [main] DEBUG - Parsing relationship: /_rels/.rels
12:42:10.415 [main] DEBUG - using default POIXMLDocumentPart for http://schemas.openxmlformats.org/officeDocument/2006/relationships/printerSettings
12:42:26.929 [main] INFO  - Goto my account-->Click on Login.. 
12:42:28.669 [main] DEBUG - Parsing relationship: /xl/_rels/workbook.xml.rels
12:42:28.670 [main] DEBUG - Parsing relationship: /xl/worksheets/_rels/sheet1.xml.rels
12:42:28.671 [main] DEBUG - Parsing relationship: /_rels/.rels
12:42:28.687 [main] DEBUG - using default POIXMLDocumentPart for http://schemas.openxmlformats.org/officeDocument/2006/relationships/printerSettings
12:45:53.816 [main] INFO  - Goto my account-->Click on Login.. 
12:45:55.722 [main] DEBUG - Parsing relationship: /xl/_rels/workbook.xml.rels
12:45:55.726 [main] DEBUG - Parsing relationship: /xl/worksheets/_rels/sheet1.xml.rels
12:45:55.728 [main] DEBUG - Parsing relationship: /_rels/.rels
12:45:55.968 [main] TRACE - Loading type system org.apache.poi.schemas.ooxml.system.ooxml
12:45:55.972 [main] TRACE - Loading type system org.apache.xmlbeans.metadata.system.sXMLCONFIG
12:45:55.979 [main] TRACE - Loading type system org.apache.xmlbeans.metadata.system.sXMLLANG
12:45:55.980 [main] TRACE - Loading type system org.apache.xmlbeans.metadata.system.sXMLSCHEMA
12:45:55.980 [main] TRACE - Loading type system org.apache.xmlbeans.metadata.system.sXMLTOOLS
12:45:55.983 [main] TRACE - Reading unresolved handles for type system org.apache.xmlbeans.metadata.system.sXMLTOOLS
12:45:55.998 [main] TRACE - Finished loading type system org.apache.xmlbeans.metadata.system.sXMLTOOLS
12:45:55.999 [main] TRACE - Reading unresolved handles for type system org.apache.xmlbeans.metadata.system.sXMLSCHEMA
12:45:56.004 [main] TRACE - Finished loading type system org.apache.xmlbeans.metadata.system.sXMLSCHEMA
12:45:56.006 [main] TRACE - Reading unresolved handles for type system org.apache.xmlbeans.metadata.system.sXMLLANG
12:45:56.008 [main] TRACE - Finished loading type system org.apache.xmlbeans.metadata.system.sXMLLANG
12:45:56.009 [main] TRACE - Reading unresolved handles for type system org.apache.xmlbeans.metadata.system.sXMLCONFIG
12:45:56.010 [main] TRACE - Finished loading type system org.apache.xmlbeans.metadata.system.sXMLCONFIG
12:45:56.012 [main] TRACE - Reading unresolved handles for type system org.apache.poi.schemas.ooxml.system.ooxml
12:45:56.074 [main] TRACE - Finished loading type system org.apache.poi.schemas.ooxml.system.ooxml
12:45:56.075 [main] TRACE - Resolving type for handle themefd26doctype
12:45:56.148 [main] TRACE - Resolving type for handle stylesheet5d8bdoctype
12:45:56.156 [main] TRACE - Resolving type for handle ctstylesheet4257type
12:45:56.164 [main] TRACE - Resolving type for handle ctfonts6623type
12:45:56.169 [main] TRACE - Resolving type for handle ctfont14d8type
12:45:56.177 [main] TRACE - Resolving type for handle ctfills2c6ftype
12:45:56.181 [main] TRACE - Resolving type for handle ctfill550ctype
12:45:56.184 [main] TRACE - Resolving type for handle ctborders0d66type
12:45:56.188 [main] TRACE - Resolving type for handle ctborderf935type
12:45:56.192 [main] TRACE - Resolving type for handle ctcellxfs1322type
12:45:56.197 [main] TRACE - Resolving type for handle ctxf97f7type
12:45:56.202 [main] TRACE - Resolving type for handle ctcellstylexfsa81ftype
12:45:56.205 [main] TRACE - Resolving type for handle ctdxfsb26atype
12:45:56.209 [main] TRACE - Resolving type for handle cttablestyles872ftype
12:45:56.214 [main] TRACE - Resolving type for handle sstf81fdoctype
12:45:56.220 [main] TRACE - Resolving type for handle ctsst44f3type
12:45:56.234 [main] TRACE - Resolving type for handle ctrsta472type
12:45:56.304 [main] DEBUG - using default POIXMLDocumentPart for http://schemas.openxmlformats.org/officeDocument/2006/relationships/printerSettings
12:45:56.306 [main] TRACE - Resolving type for handle workbookec17doctype
12:45:56.312 [main] TRACE - Resolving type for handle ctworkbook83c3type
12:45:56.318 [main] TRACE - Resolving type for handle ctsheets49fdtype
12:45:56.321 [main] TRACE - Resolving type for handle ctsheet4dbetype
12:45:56.324 [main] TRACE - Resolving type for handle strelationshipid1e94type
12:45:56.327 [main] TRACE - Resolving type for handle worksheetf539doctype
12:45:56.335 [main] TRACE - Resolving type for handle ctworksheet530dtype
12:45:56.345 [main] TRACE - Resolving type for handle ctcols627ctype
12:45:56.351 [main] TRACE - Resolving type for handle ctcola95ftype
12:45:56.368 [main] TRACE - Resolving type for handle ctsheetdata8408type
12:45:56.372 [main] TRACE - Resolving type for handle ctrowdd39type
12:45:56.378 [main] TRACE - Resolving type for handle ctcell842btype
12:45:56.386 [main] TRACE - Resolving type for handle stcellrefe4e0type
12:45:56.393 [main] TRACE - Resolving type for handle cthyperlinks6416type
12:45:56.397 [main] TRACE - Resolving type for handle cthyperlink0c85type
12:45:56.410 [main] TRACE - Resolving type for handle stxstringf179type
12:45:56.414 [main] TRACE - Resolving type for handle stcelltypebf95type
12:45:56.427 [main] TRACE - Resolving type for handle stcellstylexfid70c7type
12:45:56.431 [main] TRACE - Resolving type for handle stnumfmtid76fbtype
12:46:13.238 [main] INFO  - Goto my account-->Click on Login.. 
12:46:22.768 [main] DEBUG - Parsing relationship: /xl/_rels/workbook.xml.rels
12:46:22.770 [main] DEBUG - Parsing relationship: /xl/worksheets/_rels/sheet1.xml.rels
12:46:22.771 [main] DEBUG - Parsing relationship: /_rels/.rels
12:46:22.799 [main] DEBUG - using default POIXMLDocumentPart for http://schemas.openxmlformats.org/officeDocument/2006/relationships/printerSettings
12:46:33.604 [main] INFO  - Goto my account-->Click on Login.. 
12:46:35.166 [main] DEBUG - Parsing relationship: /xl/_rels/workbook.xml.rels
12:46:35.168 [main] DEBUG - Parsing relationship: /xl/worksheets/_rels/sheet1.xml.rels
12:46:35.170 [main] DEBUG - Parsing relationship: /_rels/.rels
12:46:35.193 [main] DEBUG - using default POIXMLDocumentPart for http://schemas.openxmlformats.org/officeDocument/2006/relationships/printerSettings
12:50:36.758 [main] INFO  - Goto my account-->Click on Login.. 
12:50:38.440 [main] DEBUG - Parsing relationship: /xl/_rels/workbook.xml.rels
12:50:38.443 [main] DEBUG - Parsing relationship: /xl/worksheets/_rels/sheet1.xml.rels
12:50:38.444 [main] DEBUG - Parsing relationship: /_rels/.rels
12:50:38.650 [main] TRACE - Loading type system org.apache.poi.schemas.ooxml.system.ooxml
12:50:38.654 [main] TRACE - Loading type system org.apache.xmlbeans.metadata.system.sXMLCONFIG
12:50:38.655 [main] TRACE - Loading type system org.apache.xmlbeans.metadata.system.sXMLLANG
12:50:38.656 [main] TRACE - Loading type system org.apache.xmlbeans.metadata.system.sXMLSCHEMA
12:50:38.657 [main] TRACE - Loading type system org.apache.xmlbeans.metadata.system.sXMLTOOLS
12:50:38.659 [main] TRACE - Reading unresolved handles for type system org.apache.xmlbeans.metadata.system.sXMLTOOLS
12:50:38.678 [main] TRACE - Finished loading type system org.apache.xmlbeans.metadata.system.sXMLTOOLS
12:50:38.680 [main] TRACE - Reading unresolved handles for type system org.apache.xmlbeans.metadata.system.sXMLSCHEMA
12:50:38.685 [main] TRACE - Finished loading type system org.apache.xmlbeans.metadata.system.sXMLSCHEMA
12:50:38.687 [main] TRACE - Reading unresolved handles for type system org.apache.xmlbeans.metadata.system.sXMLLANG
12:50:38.688 [main] TRACE - Finished loading type system org.apache.xmlbeans.metadata.system.sXMLLANG
12:50:38.690 [main] TRACE - Reading unresolved handles for type system org.apache.xmlbeans.metadata.system.sXMLCONFIG
12:50:38.691 [main] TRACE - Finished loading type system org.apache.xmlbeans.metadata.system.sXMLCONFIG
12:50:38.693 [main] TRACE - Reading unresolved handles for type system org.apache.poi.schemas.ooxml.system.ooxml
12:50:38.762 [main] TRACE - Finished loading type system org.apache.poi.schemas.ooxml.system.ooxml
12:50:38.763 [main] TRACE - Resolving type for handle themefd26doctype
12:50:38.836 [main] TRACE - Resolving type for handle stylesheet5d8bdoctype
12:50:38.844 [main] TRACE - Resolving type for handle ctstylesheet4257type
12:50:38.849 [main] TRACE - Resolving type for handle ctfonts6623type
12:50:38.853 [main] TRACE - Resolving type for handle ctfont14d8type
12:50:38.860 [main] TRACE - Resolving type for handle ctfills2c6ftype
12:50:38.864 [main] TRACE - Resolving type for handle ctfill550ctype
12:50:38.867 [main] TRACE - Resolving type for handle ctborders0d66type
12:50:38.870 [main] TRACE - Resolving type for handle ctborderf935type
12:50:38.873 [main] TRACE - Resolving type for handle ctcellxfs1322type
12:50:38.877 [main] TRACE - Resolving type for handle ctxf97f7type
12:50:38.883 [main] TRACE - Resolving type for handle ctcellstylexfsa81ftype
12:50:38.886 [main] TRACE - Resolving type for handle ctdxfsb26atype
12:50:38.889 [main] TRACE - Resolving type for handle cttablestyles872ftype
12:50:38.893 [main] TRACE - Resolving type for handle sstf81fdoctype
12:50:38.900 [main] TRACE - Resolving type for handle ctsst44f3type
12:50:38.916 [main] TRACE - Resolving type for handle ctrsta472type
12:50:38.976 [main] DEBUG - using default POIXMLDocumentPart for http://schemas.openxmlformats.org/officeDocument/2006/relationships/printerSettings
12:50:38.977 [main] TRACE - Resolving type for handle workbookec17doctype
12:50:38.983 [main] TRACE - Resolving type for handle ctworkbook83c3type
12:50:38.987 [main] TRACE - Resolving type for handle ctsheets49fdtype
12:50:38.989 [main] TRACE - Resolving type for handle ctsheet4dbetype
12:50:38.992 [main] TRACE - Resolving type for handle strelationshipid1e94type
12:50:38.994 [main] TRACE - Resolving type for handle worksheetf539doctype
12:50:39.000 [main] TRACE - Resolving type for handle ctworksheet530dtype
12:50:39.009 [main] TRACE - Resolving type for handle ctcols627ctype
12:50:39.014 [main] TRACE - Resolving type for handle ctcola95ftype
12:50:39.030 [main] TRACE - Resolving type for handle ctsheetdata8408type
12:50:39.034 [main] TRACE - Resolving type for handle ctrowdd39type
12:50:39.039 [main] TRACE - Resolving type for handle ctcell842btype
12:50:39.046 [main] TRACE - Resolving type for handle stcellrefe4e0type
12:50:39.055 [main] TRACE - Resolving type for handle stxstringf179type
12:50:39.058 [main] TRACE - Resolving type for handle stcelltypebf95type
12:50:39.075 [main] TRACE - Resolving type for handle stcellstylexfid70c7type
12:50:39.080 [main] TRACE - Resolving type for handle stnumfmtid76fbtype
12:50:47.489 [main] INFO  - Goto my account-->Click on Login.. 
12:50:48.991 [main] DEBUG - Parsing relationship: /xl/_rels/workbook.xml.rels
12:50:48.993 [main] DEBUG - Parsing relationship: /xl/worksheets/_rels/sheet1.xml.rels
12:50:48.993 [main] DEBUG - Parsing relationship: /_rels/.rels
12:50:49.015 [main] DEBUG - using default POIXMLDocumentPart for http://schemas.openxmlformats.org/officeDocument/2006/relationships/printerSettings
12:51:05.990 [main] INFO  - Goto my account-->Click on Login.. 
12:51:07.831 [main] DEBUG - Parsing relationship: /xl/_rels/workbook.xml.rels
12:51:07.833 [main] DEBUG - Parsing relationship: /xl/worksheets/_rels/sheet1.xml.rels
12:51:07.835 [main] DEBUG - Parsing relationship: /_rels/.rels
12:51:07.853 [main] DEBUG - using default POIXMLDocumentPart for http://schemas.openxmlformats.org/officeDocument/2006/relationships/printerSettings
12:51:24.178 [main] INFO  - Goto my account-->Click on Login.. 
12:51:25.814 [main] DEBUG - Parsing relationship: /xl/_rels/workbook.xml.rels
12:51:25.816 [main] DEBUG - Parsing relationship: /xl/worksheets/_rels/sheet1.xml.rels
12:51:25.817 [main] DEBUG - Parsing relationship: /_rels/.rels
12:51:25.835 [main] DEBUG - using default POIXMLDocumentPart for http://schemas.openxmlformats.org/officeDocument/2006/relationships/printerSettings
12:51:42.053 [main] INFO  - Goto my account-->Click on Login.. 
12:51:43.784 [main] DEBUG - Parsing relationship: /xl/_rels/workbook.xml.rels
12:51:43.785 [main] DEBUG - Parsing relationship: /xl/worksheets/_rels/sheet1.xml.rels
12:51:43.786 [main] DEBUG - Parsing relationship: /_rels/.rels
12:51:43.809 [main] DEBUG - using default POIXMLDocumentPart for http://schemas.openxmlformats.org/officeDocument/2006/relationships/printerSettings
13:02:43.766 [main] INFO  - Goto my account-->Click on Login.. 
13:02:45.627 [main] DEBUG - Parsing relationship: /xl/_rels/workbook.xml.rels
13:02:45.631 [main] DEBUG - Parsing relationship: /xl/worksheets/_rels/sheet1.xml.rels
13:02:45.632 [main] DEBUG - Parsing relationship: /_rels/.rels
13:02:45.884 [main] TRACE - Loading type system org.apache.poi.schemas.ooxml.system.ooxml
13:02:45.890 [main] TRACE - Loading type system org.apache.xmlbeans.metadata.system.sXMLCONFIG
13:02:45.891 [main] TRACE - Loading type system org.apache.xmlbeans.metadata.system.sXMLLANG
13:02:45.892 [main] TRACE - Loading type system org.apache.xmlbeans.metadata.system.sXMLSCHEMA
13:02:45.893 [main] TRACE - Loading type system org.apache.xmlbeans.metadata.system.sXMLTOOLS
13:02:45.896 [main] TRACE - Reading unresolved handles for type system org.apache.xmlbeans.metadata.system.sXMLTOOLS
13:02:45.917 [main] TRACE - Finished loading type system org.apache.xmlbeans.metadata.system.sXMLTOOLS
13:02:45.919 [main] TRACE - Reading unresolved handles for type system org.apache.xmlbeans.metadata.system.sXMLSCHEMA
13:02:45.924 [main] TRACE - Finished loading type system org.apache.xmlbeans.metadata.system.sXMLSCHEMA
13:02:45.927 [main] TRACE - Reading unresolved handles for type system org.apache.xmlbeans.metadata.system.sXMLLANG
13:02:45.928 [main] TRACE - Finished loading type system org.apache.xmlbeans.metadata.system.sXMLLANG
13:02:45.930 [main] TRACE - Reading unresolved handles for type system org.apache.xmlbeans.metadata.system.sXMLCONFIG
13:02:45.932 [main] TRACE - Finished loading type system org.apache.xmlbeans.metadata.system.sXMLCONFIG
13:02:45.934 [main] TRACE - Reading unresolved handles for type system org.apache.poi.schemas.ooxml.system.ooxml
13:02:46.002 [main] TRACE - Finished loading type system org.apache.poi.schemas.ooxml.system.ooxml
13:02:46.004 [main] TRACE - Resolving type for handle themefd26doctype
13:02:46.082 [main] TRACE - Resolving type for handle stylesheet5d8bdoctype
13:02:46.093 [main] TRACE - Resolving type for handle ctstylesheet4257type
13:02:46.100 [main] TRACE - Resolving type for handle ctfonts6623type
13:02:46.107 [main] TRACE - Resolving type for handle ctfont14d8type
13:02:46.115 [main] TRACE - Resolving type for handle ctfills2c6ftype
13:02:46.120 [main] TRACE - Resolving type for handle ctfill550ctype
13:02:46.124 [main] TRACE - Resolving type for handle ctborders0d66type
13:02:46.129 [main] TRACE - Resolving type for handle ctborderf935type
13:02:46.134 [main] TRACE - Resolving type for handle ctcellxfs1322type
13:02:46.139 [main] TRACE - Resolving type for handle ctxf97f7type
13:02:46.144 [main] TRACE - Resolving type for handle ctcellstylexfsa81ftype
13:02:46.148 [main] TRACE - Resolving type for handle ctdxfsb26atype
13:02:46.152 [main] TRACE - Resolving type for handle cttablestyles872ftype
13:02:46.158 [main] TRACE - Resolving type for handle sstf81fdoctype
13:02:46.165 [main] TRACE - Resolving type for handle ctsst44f3type
13:02:46.179 [main] TRACE - Resolving type for handle ctrsta472type
13:02:46.237 [main] DEBUG - using default POIXMLDocumentPart for http://schemas.openxmlformats.org/officeDocument/2006/relationships/printerSettings
13:02:46.239 [main] TRACE - Resolving type for handle workbookec17doctype
13:02:46.245 [main] TRACE - Resolving type for handle ctworkbook83c3type
13:02:46.252 [main] TRACE - Resolving type for handle ctsheets49fdtype
13:02:46.255 [main] TRACE - Resolving type for handle ctsheet4dbetype
13:02:46.258 [main] TRACE - Resolving type for handle strelationshipid1e94type
13:02:46.262 [main] TRACE - Resolving type for handle worksheetf539doctype
13:02:46.269 [main] TRACE - Resolving type for handle ctworksheet530dtype
13:02:46.279 [main] TRACE - Resolving type for handle ctcols627ctype
13:02:46.285 [main] TRACE - Resolving type for handle ctcola95ftype
13:02:46.304 [main] TRACE - Resolving type for handle ctsheetdata8408type
13:02:46.308 [main] TRACE - Resolving type for handle ctrowdd39type
13:02:46.314 [main] TRACE - Resolving type for handle ctcell842btype
13:02:46.323 [main] TRACE - Resolving type for handle stcellrefe4e0type
13:02:46.333 [main] TRACE - Resolving type for handle stxstringf179type
13:02:46.337 [main] TRACE - Resolving type for handle stcelltypebf95type
13:02:46.349 [main] TRACE - Resolving type for handle stcellstylexfid70c7type
13:02:46.358 [main] TRACE - Resolving type for handle stnumfmtid76fbtype
13:02:55.065 [main] INFO  - Goto my account-->Click on Login.. 
13:02:56.717 [main] DEBUG - Parsing relationship: /xl/_rels/workbook.xml.rels
13:02:56.719 [main] DEBUG - Parsing relationship: /xl/worksheets/_rels/sheet1.xml.rels
13:02:56.721 [main] DEBUG - Parsing relationship: /_rels/.rels
13:02:56.746 [main] DEBUG - using default POIXMLDocumentPart for http://schemas.openxmlformats.org/officeDocument/2006/relationships/printerSettings
13:03:12.184 [main] INFO  - Goto my account-->Click on Login.. 
13:03:13.825 [main] DEBUG - Parsing relationship: /xl/_rels/workbook.xml.rels
13:03:13.826 [main] DEBUG - Parsing relationship: /xl/worksheets/_rels/sheet1.xml.rels
13:03:13.827 [main] DEBUG - Parsing relationship: /_rels/.rels
13:03:13.846 [main] DEBUG - using default POIXMLDocumentPart for http://schemas.openxmlformats.org/officeDocument/2006/relationships/printerSettings
13:03:29.806 [main] INFO  - Goto my account-->Click on Login.. 
13:03:31.578 [main] DEBUG - Parsing relationship: /xl/_rels/workbook.xml.rels
13:03:31.579 [main] DEBUG - Parsing relationship: /xl/worksheets/_rels/sheet1.xml.rels
13:03:31.580 [main] DEBUG - Parsing relationship: /_rels/.rels
13:03:31.601 [main] DEBUG - using default POIXMLDocumentPart for http://schemas.openxmlformats.org/officeDocument/2006/relationships/printerSettings
13:03:47.632 [main] INFO  - Goto my account-->Click on Login.. 
13:03:49.470 [main] DEBUG - Parsing relationship: /xl/_rels/workbook.xml.rels
13:03:49.472 [main] DEBUG - Parsing relationship: /xl/worksheets/_rels/sheet1.xml.rels
13:03:49.473 [main] DEBUG - Parsing relationship: /_rels/.rels
13:03:49.490 [main] DEBUG - using default POIXMLDocumentPart for http://schemas.openxmlformats.org/officeDocument/2006/relationships/printerSettings
13:05:16.576 [main] INFO  - Goto my account-->Click on Login.. 
13:05:18.266 [main] DEBUG - Parsing relationship: /xl/_rels/workbook.xml.rels
13:05:18.269 [main] DEBUG - Parsing relationship: /xl/worksheets/_rels/sheet1.xml.rels
13:05:18.270 [main] DEBUG - Parsing relationship: /_rels/.rels
13:05:18.491 [main] TRACE - Loading type system org.apache.poi.schemas.ooxml.system.ooxml
13:05:18.496 [main] TRACE - Loading type system org.apache.xmlbeans.metadata.system.sXMLCONFIG
13:05:18.497 [main] TRACE - Loading type system org.apache.xmlbeans.metadata.system.sXMLLANG
13:05:18.498 [main] TRACE - Loading type system org.apache.xmlbeans.metadata.system.sXMLSCHEMA
13:05:18.499 [main] TRACE - Loading type system org.apache.xmlbeans.metadata.system.sXMLTOOLS
13:05:18.502 [main] TRACE - Reading unresolved handles for type system org.apache.xmlbeans.metadata.system.sXMLTOOLS
13:05:18.524 [main] TRACE - Finished loading type system org.apache.xmlbeans.metadata.system.sXMLTOOLS
13:05:18.527 [main] TRACE - Reading unresolved handles for type system org.apache.xmlbeans.metadata.system.sXMLSCHEMA
13:05:18.532 [main] TRACE - Finished loading type system org.apache.xmlbeans.metadata.system.sXMLSCHEMA
13:05:18.535 [main] TRACE - Reading unresolved handles for type system org.apache.xmlbeans.metadata.system.sXMLLANG
13:05:18.536 [main] TRACE - Finished loading type system org.apache.xmlbeans.metadata.system.sXMLLANG
13:05:18.538 [main] TRACE - Reading unresolved handles for type system org.apache.xmlbeans.metadata.system.sXMLCONFIG
13:05:18.540 [main] TRACE - Finished loading type system org.apache.xmlbeans.metadata.system.sXMLCONFIG
13:05:18.542 [main] TRACE - Reading unresolved handles for type system org.apache.poi.schemas.ooxml.system.ooxml
13:05:18.620 [main] TRACE - Finished loading type system org.apache.poi.schemas.ooxml.system.ooxml
13:05:18.622 [main] TRACE - Resolving type for handle themefd26doctype
13:05:18.695 [main] TRACE - Resolving type for handle stylesheet5d8bdoctype
13:05:18.705 [main] TRACE - Resolving type for handle ctstylesheet4257type
13:05:18.713 [main] TRACE - Resolving type for handle ctfonts6623type
13:05:18.717 [main] TRACE - Resolving type for handle ctfont14d8type
13:05:18.727 [main] TRACE - Resolving type for handle ctfills2c6ftype
13:05:18.731 [main] TRACE - Resolving type for handle ctfill550ctype
13:05:18.735 [main] TRACE - Resolving type for handle ctborders0d66type
13:05:18.739 [main] TRACE - Resolving type for handle ctborderf935type
13:05:18.744 [main] TRACE - Resolving type for handle ctcellxfs1322type
13:05:18.749 [main] TRACE - Resolving type for handle ctxf97f7type
13:05:18.753 [main] TRACE - Resolving type for handle ctcellstylexfsa81ftype
13:05:18.757 [main] TRACE - Resolving type for handle ctdxfsb26atype
13:05:18.761 [main] TRACE - Resolving type for handle cttablestyles872ftype
13:05:18.766 [main] TRACE - Resolving type for handle sstf81fdoctype
13:05:18.774 [main] TRACE - Resolving type for handle ctsst44f3type
13:05:18.789 [main] TRACE - Resolving type for handle ctrsta472type
13:05:18.868 [main] DEBUG - using default POIXMLDocumentPart for http://schemas.openxmlformats.org/officeDocument/2006/relationships/printerSettings
13:05:18.870 [main] TRACE - Resolving type for handle workbookec17doctype
13:05:18.877 [main] TRACE - Resolving type for handle ctworkbook83c3type
13:05:18.883 [main] TRACE - Resolving type for handle ctsheets49fdtype
13:05:18.886 [main] TRACE - Resolving type for handle ctsheet4dbetype
13:05:18.889 [main] TRACE - Resolving type for handle strelationshipid1e94type
13:05:18.892 [main] TRACE - Resolving type for handle worksheetf539doctype
13:05:18.899 [main] TRACE - Resolving type for handle ctworksheet530dtype
13:05:18.910 [main] TRACE - Resolving type for handle ctcols627ctype
13:05:18.917 [main] TRACE - Resolving type for handle ctcola95ftype
13:05:18.936 [main] TRACE - Resolving type for handle ctsheetdata8408type
13:05:18.940 [main] TRACE - Resolving type for handle ctrowdd39type
13:05:18.946 [main] TRACE - Resolving type for handle ctcell842btype
13:05:18.953 [main] TRACE - Resolving type for handle stcellrefe4e0type
13:05:18.963 [main] TRACE - Resolving type for handle stxstringf179type
13:05:18.967 [main] TRACE - Resolving type for handle stcelltypebf95type
13:05:27.834 [main] INFO  - Goto my account-->Click on Login.. 
13:05:29.269 [main] DEBUG - Parsing relationship: /xl/_rels/workbook.xml.rels
13:05:29.271 [main] DEBUG - Parsing relationship: /xl/worksheets/_rels/sheet1.xml.rels
13:05:29.272 [main] DEBUG - Parsing relationship: /_rels/.rels
13:05:29.301 [main] DEBUG - using default POIXMLDocumentPart for http://schemas.openxmlformats.org/officeDocument/2006/relationships/printerSettings
13:05:45.428 [main] INFO  - Goto my account-->Click on Login.. 
13:05:47.311 [main] DEBUG - Parsing relationship: /xl/_rels/workbook.xml.rels
13:05:47.313 [main] DEBUG - Parsing relationship: /xl/worksheets/_rels/sheet1.xml.rels
13:05:47.315 [main] DEBUG - Parsing relationship: /_rels/.rels
13:05:47.341 [main] DEBUG - using default POIXMLDocumentPart for http://schemas.openxmlformats.org/officeDocument/2006/relationships/printerSettings
13:06:02.816 [main] INFO  - Goto my account-->Click on Login.. 
13:06:04.828 [main] DEBUG - Parsing relationship: /xl/_rels/workbook.xml.rels
13:06:04.829 [main] DEBUG - Parsing relationship: /xl/worksheets/_rels/sheet1.xml.rels
13:06:04.831 [main] DEBUG - Parsing relationship: /_rels/.rels
13:06:04.852 [main] DEBUG - using default POIXMLDocumentPart for http://schemas.openxmlformats.org/officeDocument/2006/relationships/printerSettings
13:06:21.781 [main] INFO  - Goto my account-->Click on Login.. 
13:06:23.632 [main] DEBUG - Parsing relationship: /xl/_rels/workbook.xml.rels
13:06:23.634 [main] DEBUG - Parsing relationship: /xl/worksheets/_rels/sheet1.xml.rels
13:06:23.636 [main] DEBUG - Parsing relationship: /_rels/.rels
13:06:23.660 [main] DEBUG - using default POIXMLDocumentPart for http://schemas.openxmlformats.org/officeDocument/2006/relationships/printerSettings
16:00:10.796 [main] INFO  - Goto my account-->Click on Login.. 
16:00:12.138 [main] INFO  - Entering email and password.. 
16:00:14.444 [main] INFO  - clicked on login button...
16:00:19.116 [main] INFO  - Goto my account-->Click on Login.. 
16:00:20.994 [main] INFO  - Entering email and password.. 
16:00:22.978 [main] INFO  - clicked on login button...
16:00:27.567 [main] INFO  - Goto my account-->Click on Login.. 
16:00:29.252 [main] INFO  - Entering email and password.. 
16:00:31.287 [main] INFO  - clicked on login button...
16:01:41.931 [main] INFO  - Goto my account-->Click on Login.. 
16:01:43.472 [main] INFO  - Entering email and password.. 
16:01:45.657 [main] INFO  - clicked on login button...
16:03:19.878 [main] INFO  - Goto my account-->Click on Login.. 
16:03:21.413 [main] INFO  - Entering email and password.. 
16:03:23.381 [main] INFO  - clicked on login button...
16:04:23.039 [main] INFO  - Goto my account-->Click on Login.. 
16:04:24.476 [main] INFO  - Entering email and password.. 
16:04:26.701 [main] INFO  - clicked on login button...
16:06:47.759 [main] INFO  - Goto my account-->Click on Login.. 
16:06:49.416 [main] INFO  - Entering email and password.. 
16:06:50.371 [main] INFO  - clicked on login button...
16:07:05.557 [main] INFO  - Goto my account-->Click on Login.. 
16:07:07.638 [main] INFO  - Entering email and password.. 
16:07:08.463 [main] INFO  - clicked on login button...
16:07:23.506 [main] INFO  - Goto my account-->Click on Login.. 
16:07:25.428 [main] INFO  - Entering email and password.. 
16:07:26.285 [main] INFO  - clicked on login button...
16:08:37.757 [main] INFO  - Goto my account-->Click on Login.. 
16:08:39.781 [main] INFO  - Entering email and password.. 
16:08:40.813 [main] INFO  - clicked on login button...
16:10:05.670 [main] INFO  - Goto my account-->Click on Login.. 
16:10:07.106 [main] INFO  - Entering email and password.. 
16:10:07.856 [main] INFO  - clicked on login button...
16:12:49.341 [main] INFO  - Goto my account-->Click on Login.. 
16:12:50.945 [main] INFO  - Entering email and password.. 
16:12:53.389 [main] INFO  - clicked on login button...
16:17:17.027 [main] INFO  - Goto my account-->Click on Login.. 
16:17:18.606 [main] INFO  - Entering email and password.. 
16:17:21.144 [main] INFO  - clicked on login button...
16:49:49.145 [main] INFO  - verifying logo is displayed 
18:47:50.208 [main] INFO  - verifying logo is displayed 
21:13:31.077 [main] INFO  - Goto my account-->Click on Login.. 
21:13:33.304 [main] INFO  - Entering email and password.. 
21:13:35.683 [main] INFO  - clicked on login button...
21:17:44.074 [main] INFO  - Goto my account-->Click on Login.. 
21:17:46.190 [main] INFO  - Entering email and password.. 
21:17:48.590 [main] INFO  - clicked on login button...
14:23:15.201 [main] INFO  - Goto my account-->Click on Login.. 
14:23:17.032 [main] INFO  - Entering email and password.. 
14:23:19.253 [main] INFO  - clicked on login button...
15:17:24.958 [main] INFO  - Goto my account-->Click on Login.. 
15:17:26.429 [main] INFO  - Entering email and password.. 
15:17:29.120 [main] INFO  - clicked on login button...
15:19:30.470 [main] INFO  - Goto my account-->Click on Login.. 
15:19:31.869 [main] INFO  - Entering email and password.. 
15:19:32.742 [main] INFO  - clicked on login button...
